Arguments: 
  C:\Program Files\nodejs\node.exe C:\Users\aisar\AppData\Roaming\npm\node_modules\yarn\bin\yarn.js

PATH: 
  C:\Users\aisar\bin;C:\Users\aisar\AppData\Local\Programs\Git\mingw64\bin;C:\Users\aisar\AppData\Local\Programs\Git\usr\local\bin;C:\Users\aisar\AppData\Local\Programs\Git\usr\bin;C:\Users\aisar\AppData\Local\Programs\Git\usr\bin;C:\Users\aisar\AppData\Local\Programs\Git\mingw64\bin;C:\Users\aisar\AppData\Local\Programs\Git\usr\bin;C:\Users\aisar\bin;C:\Python312\Scripts;C:\Python312;C:\Windows\system32;C:\Windows;C:\Windows\System32\Wbem;C:\Windows\System32\WindowsPowerShell\v1.0;C:\Windows\System32\OpenSSH;C:\ProgramData\chocolatey\bin;C:\Users\Aisar\AppData\Roaming\nvm\nvm;C:\Program Files\dotnet;C:\Program Files (x86)\NVIDIA Corporation\PhysX\Common;C:\Users\Aisar\AppData\Roaming\nvm\nvm;C:\Program Files\nodejs;C:\Program Files\nodejs;C:\Users\aisar\AppData\Local\Microsoft\WindowsApps;C:\Users\aisar\AppData\Local\Programs\Microsoft VS Code\bin;C:\Users\aisar\AppData\Roaming\nvm\nvm;C:\Users\aisar\AppData\Roaming\npm;C:\Users\aisar\AppData\Local\Programs\Git\cmd;C:\Users\aisar\AppData\Local\Programs\Git\usr\bin\vendor_perl;C:\Users\aisar\AppData\Local\Programs\Git\usr\bin\core_perl

Yarn version: 
  1.22.19

Node version: 
  20.9.0

Platform: 
  win32 x64

Trace: 
  Error: self-signed certificate in certificate chain
      at TLSSocket.onConnectSecure (node:_tls_wrap:1659:34)
      at TLSSocket.emit (node:events:514:28)
      at TLSSocket._finishInit (node:_tls_wrap:1070:8)
      at ssl.onhandshakedone (node:_tls_wrap:856:12)

npm manifest: 
  {
  	"name": "mbv-svelte",
  	"version": "0.0.1",
  	"private": true,
  	"scripts": {
  		"dev": "vite dev",
  		"build": "vite build",
  		"preview": "vite preview",
  		"check": "svelte-kit sync && svelte-check --tsconfig ./jsconfig.json",
  		"check:watch": "svelte-kit sync && svelte-check --tsconfig ./jsconfig.json --watch",
  		"lint": "prettier --plugin-search-dir . --check .",
  		"format": "prettier --plugin-search-dir . --write ."
  	},
  	"devDependencies": {
  		"@sveltejs/adapter-auto": "^2.1.0",
  		"@sveltejs/kit": "^1.20.4",
  		"prettier": "^2.8.0",
  		"prettier-plugin-svelte": "^2.10.1",
  		"svelte": "^4.0.5",
  		"svelte-check": "^3.4.3",
  		"svelte-paginate": "^0.1.0",
  		"typescript": "^5.0.0",
  		"vite": "^4.4.2"
  	},
  	"type": "module"
  }

yarn manifest: 
  No manifest

Lockfile: 
  No lockfile
